nohup: ignoring input
--- Reach-Reg Processing: Missouri, River ---
Creating new river object for: Missouri
Starting creation of a simplified river for Missouri according to the column 'order'...
Created LineString with 38141 vertices before optional buffering.
Finished creating simplified river. Type: <class 'shapely.geometry.linestring.LineString'>
Final number of components: 1
2026-01-21 14:14:26 INFO [API.py:40] API-Key (~/.netrc): 59B654E28B331DF19DFD0E252F4627EB723A281AC163AC648A82C841636131D6
2026-01-21 14:14:26 INFO [API.py:53] Authentication successful!
2026-01-21 14:14:26 INFO [DAHITI.py:1309] List targets ...
2026-01-21 14:14:30 INFO [DAHITI.py:1320] 19856 target(s) found!
2026-01-21 14:14:30 INFO [DAHITI.py:168] Download water levels DAHITI target with id 14151 ...
2026-01-21 14:14:31 INFO [DAHITI.py:168] Download water levels DAHITI target with id 14470 ...
2026-01-21 14:14:31 INFO [DAHITI.py:168] Download water levels DAHITI target with id 14684 ...
2026-01-21 14:14:32 INFO [DAHITI.py:168] Download water levels DAHITI target with id 14790 ...
2026-01-21 14:14:32 INFO [DAHITI.py:168] Download water levels DAHITI target with id 15096 ...
2026-01-21 14:14:32 INFO [DAHITI.py:168] Download water levels DAHITI target with id 15649 ...
2026-01-21 14:14:33 INFO [DAHITI.py:168] Download water levels DAHITI target with id 15919 ...
2026-01-21 14:14:33 INFO [DAHITI.py:168] Download water levels DAHITI target with id 16074 ...
2026-01-21 14:14:34 INFO [DAHITI.py:168] Download water levels DAHITI target with id 16457 ...
2026-01-21 14:14:34 INFO [DAHITI.py:168] Download water levels DAHITI target with id 17213 ...
2026-01-21 14:14:34 INFO [DAHITI.py:168] Download water levels DAHITI target with id 17214 ...
2026-01-21 14:14:35 INFO [DAHITI.py:168] Download water levels DAHITI target with id 17455 ...
2026-01-21 14:14:35 INFO [DAHITI.py:168] Download water levels DAHITI target with id 17590 ...
2026-01-21 14:14:36 INFO [DAHITI.py:168] Download water levels DAHITI target with id 18020 ...
2026-01-21 14:14:36 INFO [DAHITI.py:168] Download water levels DAHITI target with id 18661 ...
2026-01-21 14:14:37 INFO [DAHITI.py:168] Download water levels DAHITI target with id 18662 ...
2026-01-21 14:14:37 INFO [DAHITI.py:168] Download water levels DAHITI target with id 19674 ...
2026-01-21 14:14:37 INFO [DAHITI.py:168] Download water levels DAHITI target with id 19675 ...
2026-01-21 14:14:38 INFO [DAHITI.py:168] Download water levels DAHITI target with id 19676 ...
2026-01-21 14:14:38 INFO [DAHITI.py:168] Download water levels DAHITI target with id 19677 ...
2026-01-21 14:14:39 INFO [DAHITI.py:168] Download water levels DAHITI target with id 19679 ...
2026-01-21 14:14:39 INFO [DAHITI.py:168] Download water levels DAHITI target with id 19680 ...
2026-01-21 14:14:39 INFO [DAHITI.py:168] Download water levels DAHITI target with id 19682 ...
2026-01-21 14:14:40 INFO [DAHITI.py:168] Download water levels DAHITI target with id 19683 ...
2026-01-21 14:14:40 INFO [DAHITI.py:168] Download water levels DAHITI target with id 19684 ...
2026-01-21 14:14:41 INFO [DAHITI.py:168] Download water levels DAHITI target with id 22886 ...
2026-01-21 14:14:41 INFO [DAHITI.py:168] Download water levels DAHITI target with id 22888 ...
2026-01-21 14:14:42 INFO [DAHITI.py:168] Download water levels DAHITI target with id 22889 ...
2026-01-21 14:14:42 INFO [DAHITI.py:168] Download water levels DAHITI target with id 22890 ...
2026-01-21 14:14:42 INFO [DAHITI.py:168] Download water levels DAHITI target with id 22891 ...
2026-01-21 14:14:43 INFO [DAHITI.py:168] Download water levels DAHITI target with id 22892 ...
2026-01-21 14:14:43 INFO [DAHITI.py:168] Download water levels DAHITI target with id 22893 ...
2026-01-21 14:14:44 INFO [DAHITI.py:168] Download water levels DAHITI target with id 22894 ...
2026-01-21 14:14:44 INFO [DAHITI.py:168] Download water levels DAHITI target with id 22895 ...
2026-01-21 14:14:45 INFO [DAHITI.py:168] Download water levels DAHITI target with id 22896 ...
2026-01-21 14:14:45 INFO [DAHITI.py:168] Download water levels DAHITI target with id 36905 ...
2026-01-21 14:14:45 INFO [DAHITI.py:168] Download water levels DAHITI target with id 36933 ...
2026-01-21 14:14:46 INFO [DAHITI.py:168] Download water levels DAHITI target with id 36937 ...
2026-01-21 14:14:46 INFO [DAHITI.py:168] Download water levels DAHITI target with id 36942 ...
2026-01-21 14:14:47 INFO [DAHITI.py:168] Download water levels DAHITI target with id 37033 ...
2026-01-21 14:14:47 INFO [DAHITI.py:168] Download water levels DAHITI target with id 37295 ...
2026-01-21 14:14:47 INFO [DAHITI.py:168] Download water levels DAHITI target with id 37301 ...
2026-01-21 14:14:48 INFO [DAHITI.py:168] Download water levels DAHITI target with id 38445 ...
2026-01-21 14:14:48 INFO [DAHITI.py:168] Download water levels DAHITI target with id 41780 ...
2026-01-21 14:14:49 INFO [DAHITI.py:168] Download water levels DAHITI target with id 41781 ...
2026-01-21 14:14:49 INFO [DAHITI.py:168] Download water levels DAHITI target with id 41936 ...
2026-01-21 14:14:49 INFO [DAHITI.py:168] Download water levels DAHITI target with id 41939 ...
2026-01-21 14:14:50 INFO [DAHITI.py:168] Download water levels DAHITI target with id 45907 ...
2026-01-21 14:14:50 INFO [DAHITI.py:168] Download water levels DAHITI target with id 45908 ...
2026-01-21 14:14:51 INFO [DAHITI.py:168] Download water levels DAHITI target with id 45909 ...
2026-01-21 14:14:51 INFO [DAHITI.py:168] Download water levels DAHITI target with id 45910 ...
2026-01-21 14:14:51 INFO [DAHITI.py:168] Download water levels DAHITI target with id 45912 ...
2026-01-21 14:14:52 INFO [DAHITI.py:168] Download water levels DAHITI target with id 46328 ...
2026-01-21 14:14:52 INFO [DAHITI.py:168] Download water levels DAHITI target with id 46329 ...
2026-01-21 14:14:52 INFO [DAHITI.py:168] Download water levels DAHITI target with id 46330 ...
2026-01-21 14:14:53 INFO [DAHITI.py:168] Download water levels DAHITI target with id 46331 ...
2026-01-21 14:14:53 INFO [DAHITI.py:168] Download water levels DAHITI target with id 46332 ...
2026-01-21 14:14:53 INFO [DAHITI.py:168] Download water levels DAHITI target with id 46334 ...
2026-01-21 14:14:54 INFO [DAHITI.py:168] Download water levels DAHITI target with id 46335 ...
2026-01-21 14:14:54 INFO [DAHITI.py:168] Download water levels DAHITI target with id 46336 ...
2026-01-21 14:14:55 INFO [DAHITI.py:168] Download water levels DAHITI target with id 46337 ...
2026-01-21 14:14:55 INFO [DAHITI.py:168] Download water levels DAHITI target with id 46338 ...
2026-01-21 14:14:55 INFO [DAHITI.py:168] Download water levels DAHITI target with id 46339 ...
2026-01-21 14:14:56 INFO [DAHITI.py:168] Download water levels DAHITI target with id 46340 ...
2026-01-21 14:14:56 INFO [DAHITI.py:168] Download water levels DAHITI target with id 46341 ...
2026-01-21 14:14:57 INFO [DAHITI.py:168] Download water levels DAHITI target with id 46342 ...
2026-01-21 14:14:57 INFO [DAHITI.py:168] Download water levels DAHITI target with id 46343 ...
2026-01-21 14:14:57 INFO [DAHITI.py:168] Download water levels DAHITI target with id 46344 ...
2026-01-21 14:14:58 INFO [DAHITI.py:168] Download water levels DAHITI target with id 46345 ...
2026-01-21 14:14:58 INFO [DAHITI.py:168] Download water levels DAHITI target with id 46346 ...
2026-01-21 14:14:58 INFO [DAHITI.py:168] Download water levels DAHITI target with id 46347 ...
2026-01-21 14:14:59 INFO [DAHITI.py:168] Download water levels DAHITI target with id 46348 ...
2026-01-21 14:14:59 INFO [DAHITI.py:168] Download water levels DAHITI target with id 46359 ...
2026-01-21 14:15:00 INFO [DAHITI.py:168] Download water levels DAHITI target with id 46360 ...
2026-01-21 14:15:00 INFO [DAHITI.py:168] Download water levels DAHITI target with id 46361 ...
2026-01-21 14:15:00 INFO [DAHITI.py:168] Download water levels DAHITI target with id 46362 ...
2026-01-21 14:15:01 INFO [DAHITI.py:168] Download water levels DAHITI target with id 46363 ...
2026-01-21 14:15:01 INFO [DAHITI.py:168] Download water levels DAHITI target with id 46364 ...
2026-01-21 14:15:01 INFO [DAHITI.py:168] Download water levels DAHITI target with id 46365 ...
2026-01-21 14:15:02 INFO [DAHITI.py:168] Download water levels DAHITI target with id 46366 ...
2026-01-21 14:15:02 INFO [DAHITI.py:168] Download water levels DAHITI target with id 46367 ...
2026-01-21 14:15:03 INFO [DAHITI.py:168] Download water levels DAHITI target with id 46368 ...
2026-01-21 14:15:03 INFO [DAHITI.py:168] Download water levels DAHITI target with id 46369 ...
2026-01-21 14:15:03 INFO [DAHITI.py:168] Download water levels DAHITI target with id 46370 ...
2026-01-21 14:15:04 INFO [DAHITI.py:168] Download water levels DAHITI target with id 46371 ...
2026-01-21 14:15:04 INFO [DAHITI.py:168] Download water levels DAHITI target with id 46372 ...
2026-01-21 14:15:05 INFO [DAHITI.py:168] Download water levels DAHITI target with id 46373 ...
2026-01-21 14:15:05 INFO [DAHITI.py:168] Download water levels DAHITI target with id 46374 ...
2026-01-21 14:15:05 INFO [DAHITI.py:168] Download water levels DAHITI target with id 46375 ...
2026-01-21 14:15:06 INFO [DAHITI.py:168] Download water levels DAHITI target with id 46376 ...
2026-01-21 14:15:06 INFO [DAHITI.py:168] Download water levels DAHITI target with id 46377 ...
2026-01-21 14:15:06 INFO [DAHITI.py:168] Download water levels DAHITI target with id 46378 ...
2026-01-21 14:15:07 INFO [DAHITI.py:168] Download water levels DAHITI target with id 46379 ...
2026-01-21 14:15:07 INFO [DAHITI.py:168] Download water levels DAHITI target with id 46380 ...
2026-01-21 14:15:07 INFO [DAHITI.py:168] Download water levels DAHITI target with id 46381 ...
2026-01-21 14:15:08 INFO [DAHITI.py:168] Download water levels DAHITI target with id 46382 ...
2026-01-21 14:15:08 INFO [DAHITI.py:168] Download water levels DAHITI target with id 46383 ...
2026-01-21 14:15:08 INFO [DAHITI.py:168] Download water levels DAHITI target with id 46384 ...
2026-01-21 14:15:09 INFO [DAHITI.py:168] Download water levels DAHITI target with id 46385 ...
2026-01-21 14:15:09 INFO [DAHITI.py:168] Download water levels DAHITI target with id 46386 ...
2026-01-21 14:15:10 INFO [DAHITI.py:168] Download water levels DAHITI target with id 46389 ...
/home/michal.halicki/.conda/envs/reach_reg/lib/python3.10/site-packages/numpy/_core/fromnumeric.py:57: RuntimeWarning: overflow encountered in multiply
  return bound(*args, **kwds)
/home/michal.halicki/.conda/envs/reach_reg/lib/python3.10/site-packages/numpy/_core/fromnumeric.py:57: RuntimeWarning: overflow encountered in multiply
  return bound(*args, **kwds)
/home/michal.halicki/.conda/envs/reach_reg/lib/python3.10/site-packages/numpy/_core/fromnumeric.py:57: RuntimeWarning: overflow encountered in multiply
  return bound(*args, **kwds)
/home/michal.halicki/.conda/envs/reach_reg/lib/python3.10/site-packages/numpy/_core/fromnumeric.py:57: RuntimeWarning: overflow encountered in multiply
  return bound(*args, **kwds)
/home/michal.halicki/.conda/envs/reach_reg/lib/python3.10/site-packages/numpy/_core/fromnumeric.py:57: RuntimeWarning: overflow encountered in multiply
  return bound(*args, **kwds)
/home/michal.halicki/.conda/envs/reach_reg/lib/python3.10/site-packages/numpy/_core/fromnumeric.py:57: RuntimeWarning: overflow encountered in multiply
  return bound(*args, **kwds)
/home/michal.halicki/.conda/envs/reach_reg/lib/python3.10/site-packages/numpy/_core/fromnumeric.py:57: RuntimeWarning: overflow encountered in multiply
  return bound(*args, **kwds)
CrossVal 46347 V: 1.803m/s, RMSE: 0.0788m, NSE: 0.9968
CrossVal 22886 V: 1.549m/s, RMSE: 0.0728m, NSE: 0.9975
CrossVal 15096 V: 1.135m/s, RMSE: 0.0718m, NSE: 0.9971
CrossVal 46346 V: 0.953m/s, RMSE: 0.0793m, NSE: 0.9971
CrossVal 19674 V: 1.101m/s, RMSE: 0.077m, NSE: 0.9975
CrossVal 46345 V: 0.6m/s, RMSE: 0.0774m, NSE: 0.9977
CrossVal 46344 V: 1.527m/s, RMSE: 0.0906m, NSE: 0.9963
CrossVal 46343 V: 1.2m/s, RMSE: 0.0883m, NSE: 0.9962
CrossVal 46339 V: 0.775m/s, RMSE: 0.0771m, NSE: 0.9972
CrossVal 22888 V: 1.817m/s, RMSE: 0.1272m, NSE: 0.9939
CrossVal 46334 V: 0.88m/s, RMSE: 0.1456m, NSE: 0.9925
CrossVal 14790 V: 0.812m/s, RMSE: 0.1251m, NSE: 0.9935
CrossVal 17590 V: 0.698m/s, RMSE: 0.1314m, NSE: 0.9929
CrossVal 46342 V: 0.675m/s, RMSE: 0.1377m, NSE: 0.9911
CrossVal 46341 V: 0.578m/s, RMSE: 0.1181m, NSE: 0.9929
CrossVal 22889 V: 0.432m/s, RMSE: 0.1271m, NSE: 0.9907
CrossVal 22890 V: 1.857m/s, RMSE: 0.2226m, NSE: 0.97
CrossVal 46340 V: 1.19m/s, RMSE: 0.0596m, NSE: 0.9972
CrossVal 46332 V: 1.261m/s, RMSE: 0.0719m, NSE: 0.9953
CrossVal 14470 V: 1.322m/s, RMSE: 0.0666m, NSE: 0.9961
CrossVal 46331 V: 0.605m/s, RMSE: 0.0603m, NSE: 0.9969
CrossVal 46330 V: 0.523m/s, RMSE: 0.0852m, NSE: 0.9944
CrossVal 17213 V: 0.683m/s, RMSE: 0.0865m, NSE: 0.9932
CrossVal 15649 V: 0.812m/s, RMSE: 0.0767m, NSE: 0.9959
CrossVal 45912 V: 0.707m/s, RMSE: 0.0859m, NSE: 0.9947
CrossVal 17214 V: 1.363m/s, RMSE: 0.1002m, NSE: 0.9901
CrossVal 45907 V: 0.973m/s, RMSE: 0.1106m, NSE: 0.9921
CrossVal 45908 V: 0.512m/s, RMSE: 0.0766m, NSE: 0.9966
CrossVal 36905 V: 0.573m/s, RMSE: 0.084m, NSE: 0.9957
CrossVal 45909 V: 1.498m/s, RMSE: 0.0712m, NSE: 0.9963
CrossVal 45910 V: 1.112m/s, RMSE: 0.0851m, NSE: 0.9946
CrossVal 14151 V: 0.763m/s, RMSE: 0.0979m, NSE: 0.9929
CrossVal 18020 V: 1.224m/s, RMSE: 0.0918m, NSE: 0.9924
CrossVal 46328 V: 1.458m/s, RMSE: 0.0754m, NSE: 0.995
CrossVal 46329 V: 1.142m/s, RMSE: 0.0739m, NSE: 0.9937
CrossVal 36933 V: 0.516m/s, RMSE: 0.0843m, NSE: 0.9927
CrossVal 36937 V: 0.6m/s, RMSE: 0.0754m, NSE: 0.9954
CrossVal 41939 V: 1.333m/s, RMSE: 0.0741m, NSE: 0.9962
CrossVal 46338 V: 1.253m/s, RMSE: 0.0629m, NSE: 0.9973
CrossVal 46337 V: 1.099m/s, RMSE: 0.0928m, NSE: 0.9897
CrossVal 22891 V: 1.232m/s, RMSE: 0.1342m, NSE: 0.9832
CrossVal 18661 V: 1.235m/s, RMSE: 0.0635m, NSE: 0.9965
CrossVal 36942 V: 0.558m/s, RMSE: 0.0916m, NSE: 0.9928
CrossVal 46335 V: 1.267m/s, RMSE: 0.0585m, NSE: 0.9972
CrossVal 46336 V: 0.97m/s, RMSE: 0.0986m, NSE: 0.9927
CrossVal 46359 V: 0.858m/s, RMSE: 0.1087m, NSE: 0.9914
CrossVal 17455 V: 1.193m/s, RMSE: 0.0936m, NSE: 0.9922
CrossVal 46360 V: 1.281m/s, RMSE: 0.0933m, NSE: 0.9935
CrossVal 37033 V: 0.53m/s, RMSE: 0.0981m, NSE: 0.9931
CrossVal 46361 V: 0.663m/s, RMSE: 0.1075m, NSE: 0.9908
CrossVal 46362 V: 1.147m/s, RMSE: 0.0578m, NSE: 0.9975
CrossVal 22892 V: 1.46m/s, RMSE: 0.1245m, NSE: 0.9882
CrossVal 46363 V: 1.372m/s, RMSE: 0.049m, NSE: 0.9982
CrossVal 22893 V: 1.305m/s, RMSE: 0.0905m, NSE: 0.9946
CrossVal 16457 V: 0.97m/s, RMSE: 0.0865m, NSE: 0.9944
CrossVal 46364 V: 1.545m/s, RMSE: 0.0647m, NSE: 0.997
CrossVal 46365 V: 0.768m/s, RMSE: 0.0917m, NSE: 0.9935
CrossVal 22894 V: 0.549m/s, RMSE: 0.0761m, NSE: 0.9953
CrossVal 22895 V: 1.312m/s, RMSE: 0.0916m, NSE: 0.9925
CrossVal 46366 V: 1.065m/s, RMSE: 0.0989m, NSE: 0.9918
CrossVal 41936 V: 1.374m/s, RMSE: 0.075m, NSE: 0.9951
CrossVal 22896 V: 1.014m/s, RMSE: 0.0879m, NSE: 0.9941
CrossVal 46367 V: 0.843m/s, RMSE: 0.0911m, NSE: 0.9925
CrossVal 46368 V: 0.53m/s, RMSE: 0.0998m, NSE: 0.9873
CrossVal 19675 V: 0.844m/s, RMSE: 0.0866m, NSE: 0.9924
CrossVal 46389 V: 0.653m/s, RMSE: 0.0825m, NSE: 0.995
CrossVal 18662 V: 1.014m/s, RMSE: 0.1014m, NSE: 0.9912
CrossVal 46369 V: 0.535m/s, RMSE: 0.1074m, NSE: 0.9861
CrossVal 46370 V: 1.513m/s, RMSE: 0.0595m, NSE: 0.9959
CrossVal 46372 V: 0.625m/s, RMSE: 0.1028m, NSE: 0.99
CrossVal 46373 V: 0.515m/s, RMSE: 0.0814m, NSE: 0.9946
CrossVal 46374 V: 1.612m/s, RMSE: 0.1199m, NSE: 0.9903
CrossVal 38445 V: 1.75m/s, RMSE: 0.1106m, NSE: 0.9923
CrossVal 19679 V: 1.12m/s, RMSE: 0.0933m, NSE: 0.9945
CrossVal 46375 V: 0.47m/s, RMSE: 0.0885m, NSE: 0.9949
CrossVal 19680 V: 1.535m/s, RMSE: 0.1036m, NSE: 0.9908
CrossVal 37295 V: 1.622m/s, RMSE: 0.1521m, NSE: 0.9804
CrossVal 46376 V: 1.663m/s, RMSE: 0.1149m, NSE: 0.9877
CrossVal 46378 V: 1.948m/s, RMSE: 0.1354m, NSE: 0.9868
CrossVal 19682 V: 0.684m/s, RMSE: 0.0904m, NSE: 0.9937
CrossVal 19683 V: 1.416m/s, RMSE: 0.0893m, NSE: 0.9936
CrossVal 19684 V: 0.806m/s, RMSE: 0.1072m, NSE: 0.9899
CrossVal 46379 V: 1.27m/s, RMSE: 0.0819m, NSE: 0.9931
CrossVal 46380 V: 2.139m/s, RMSE: 0.1051m, NSE: 0.991
CrossVal 46381 V: 1.597m/s, RMSE: 0.0883m, NSE: 0.994
CrossVal 46382 V: 0.831m/s, RMSE: 0.0996m, NSE: 0.9924
CrossVal 37301 V: 1.587m/s, RMSE: 0.0766m, NSE: 0.995
CrossVal 46383 V: 1.547m/s, RMSE: 0.0882m, NSE: 0.9848
CrossVal 46384 V: 1.136m/s, RMSE: 0.1098m, NSE: 0.974
CrossVal 46385 V: 1.008m/s, RMSE: 0.0845m, NSE: 0.9763
--- Processing Complete ---
