nohup: ignoring input
--- Reach-Reg Processing: Po, River ---
Creating new river object for: Po
Starting creation of a simplified river for Po according to the column 'order'...
Created LineString with 17635 vertices before optional buffering.
Finished creating simplified river. Type: <class 'shapely.geometry.linestring.LineString'>
Final number of components: 1
2026-01-21 12:23:50 INFO [API.py:40] API-Key (~/.netrc): 59B654E28B331DF19DFD0E252F4627EB723A281AC163AC648A82C841636131D6
2026-01-21 12:23:50 INFO [API.py:53] Authentication successful!
2026-01-21 12:23:50 INFO [DAHITI.py:1309] List targets ...
2026-01-21 12:23:55 INFO [DAHITI.py:1320] 19849 target(s) found!
2026-01-21 12:23:56 INFO [DAHITI.py:168] Download water levels DAHITI target with id 1076 ...
2026-01-21 12:23:56 INFO [DAHITI.py:168] Download water levels DAHITI target with id 1137 ...
2026-01-21 12:23:57 INFO [DAHITI.py:168] Download water levels DAHITI target with id 4116 ...
2026-01-21 12:23:57 INFO [DAHITI.py:168] Download water levels DAHITI target with id 10361 ...
2026-01-21 12:23:58 INFO [DAHITI.py:168] Download water levels DAHITI target with id 10362 ...
2026-01-21 12:23:58 INFO [DAHITI.py:168] Download water levels DAHITI target with id 10365 ...
2026-01-21 12:23:59 INFO [DAHITI.py:168] Download water levels DAHITI target with id 10367 ...
2026-01-21 12:23:59 INFO [DAHITI.py:168] Download water levels DAHITI target with id 10368 ...
2026-01-21 12:24:00 INFO [DAHITI.py:168] Download water levels DAHITI target with id 10369 ...
2026-01-21 12:24:00 INFO [DAHITI.py:168] Download water levels DAHITI target with id 14039 ...
2026-01-21 12:24:01 INFO [DAHITI.py:168] Download water levels DAHITI target with id 16896 ...
2026-01-21 12:24:01 INFO [DAHITI.py:168] Download water levels DAHITI target with id 18853 ...
2026-01-21 12:24:02 INFO [DAHITI.py:168] Download water levels DAHITI target with id 19865 ...
2026-01-21 12:24:02 INFO [DAHITI.py:168] Download water levels DAHITI target with id 23874 ...
2026-01-21 12:24:02 INFO [DAHITI.py:168] Download water levels DAHITI target with id 23875 ...
2026-01-21 12:24:03 INFO [DAHITI.py:168] Download water levels DAHITI target with id 23876 ...
2026-01-21 12:24:03 INFO [DAHITI.py:168] Download water levels DAHITI target with id 38574 ...
2026-01-21 12:24:04 INFO [DAHITI.py:168] Download water levels DAHITI target with id 38575 ...
2026-01-21 12:24:04 INFO [DAHITI.py:168] Download water levels DAHITI target with id 38576 ...
2026-01-21 12:24:05 INFO [DAHITI.py:168] Download water levels DAHITI target with id 42320 ...
2026-01-21 12:24:05 INFO [DAHITI.py:168] Download water levels DAHITI target with id 46217 ...
2026-01-21 12:24:06 INFO [DAHITI.py:168] Download water levels DAHITI target with id 46221 ...
2026-01-21 12:24:06 INFO [DAHITI.py:168] Download water levels DAHITI target with id 46225 ...
2026-01-21 12:24:07 INFO [DAHITI.py:168] Download water levels DAHITI target with id 46226 ...
2026-01-21 12:24:07 INFO [DAHITI.py:168] Download water levels DAHITI target with id 46227 ...
2026-01-21 12:24:07 INFO [DAHITI.py:168] Download water levels DAHITI target with id 46228 ...
2026-01-21 12:24:08 INFO [DAHITI.py:168] Download water levels DAHITI target with id 46230 ...
2026-01-21 12:24:08 INFO [DAHITI.py:168] Download water levels DAHITI target with id 46232 ...
2026-01-21 12:24:09 INFO [DAHITI.py:168] Download water levels DAHITI target with id 46233 ...
2026-01-21 12:24:09 INFO [DAHITI.py:168] Download water levels DAHITI target with id 46234 ...
2026-01-21 12:24:09 INFO [DAHITI.py:168] Download water levels DAHITI target with id 46237 ...
2026-01-21 12:24:10 INFO [DAHITI.py:168] Download water levels DAHITI target with id 46241 ...
2026-01-21 12:24:10 INFO [DAHITI.py:168] Download water levels DAHITI target with id 46247 ...
2026-01-21 12:24:11 INFO [DAHITI.py:168] Download water levels DAHITI target with id 46248 ...
/home/michal.halicki/.conda/envs/reach_reg/lib/python3.10/site-packages/numpy/_core/fromnumeric.py:57: RuntimeWarning: overflow encountered in multiply
  return bound(*args, **kwds)
/home/michal.halicki/.conda/envs/reach_reg/lib/python3.10/site-packages/numpy/_core/fromnumeric.py:57: RuntimeWarning: overflow encountered in multiply
  return bound(*args, **kwds)
CrossVal 23874 V: 0.942m/s, RMSE: 0.1035m, NSE: 0.9889
CrossVal 4116 V: 1.09m/s, RMSE: 0.1002m, NSE: 0.9923
CrossVal 38574 V: 0.777m/s, RMSE: 0.0978m, NSE: 0.9935
CrossVal 10369 V: 0.989m/s, RMSE: 0.1151m, NSE: 0.9938
CrossVal 16896 V: 1.327m/s, RMSE: 0.1167m, NSE: 0.9955
CrossVal 46217 V: 1.13m/s, RMSE: 0.1185m, NSE: 0.9965
CrossVal 10362 V: 0.878m/s, RMSE: 0.1059m, NSE: 0.9966
CrossVal 1076 V: 0.733m/s, RMSE: 0.1291m, NSE: 0.9945
CrossVal 46221 V: 0.658m/s, RMSE: 0.1369m, NSE: 0.995
CrossVal 1137 V: 0.705m/s, RMSE: 0.1429m, NSE: 0.9948
CrossVal 23875 V: 1.202m/s, RMSE: 0.1274m, NSE: 0.9958
CrossVal 10361 V: 1.613m/s, RMSE: 0.1071m, NSE: 0.9964
CrossVal 46225 V: 1.339m/s, RMSE: 0.1425m, NSE: 0.9949
CrossVal 46226 V: 0.852m/s, RMSE: 0.1365m, NSE: 0.9938
CrossVal 23876 V: 0.786m/s, RMSE: 0.1466m, NSE: 0.9952
CrossVal 10368 V: 1.602m/s, RMSE: 0.1519m, NSE: 0.9945
CrossVal 46227 V: 0.525m/s, RMSE: 0.1289m, NSE: 0.9963
CrossVal 46228 V: 1.262m/s, RMSE: 0.299m, NSE: 0.9775
CrossVal 38575 V: 0.619m/s, RMSE: 0.1m, NSE: 0.998
CrossVal 46230 V: 0.695m/s, RMSE: 0.1022m, NSE: 0.9975
CrossVal 46232 V: 1.138m/s, RMSE: 0.1684m, NSE: 0.993
CrossVal 14039 V: 0.788m/s, RMSE: 0.143m, NSE: 0.9884
CrossVal 46237 V: 1.133m/s, RMSE: 0.1146m, NSE: 0.9935
CrossVal 46241 V: 0.622m/s, RMSE: 0.0954m, NSE: 0.9952
CrossVal 19865 V: 1.707m/s, RMSE: 0.1381m, NSE: 0.9878
CrossVal 10365 V: 1.547m/s, RMSE: 0.1146m, NSE: 0.9928
CrossVal 46247 V: 0.508m/s, RMSE: 0.1955m, NSE: 0.9566
--- Processing Complete ---
